<?xml version="1.0" encoding="UTF-8"?>
<testsuite xmlns:xsi="http://www.w3.org/2001/XMLSchema-instance" xsi:noNamespaceSchemaLocation="https://maven.apache.org/surefire/maven-surefire-plugin/xsd/surefire-test-report.xsd" version="3.0.2" name="TestSuite" time="31.183" tests="2" errors="0" skipped="0" failures="0">
  <properties>
[...]
</properties>
  <testcase name="verify_account_registration" classname="testCases.TC001_AccountRegistrationTest" time="6.495">
    <system-err><![CDATA[Dec 07, 2024 7:11:11 AM org.openqa.selenium.devtools.CdpVersionFinder findNearestMatch
WARNING: Unable to find an exact match for CDP version 131, returning the closest version; found: 128; Please update to a Selenium version that supports CDP version 131
]]></system-err>
  </testcase>
  <testcase name="verify_account_login" classname="testCases.TC002_AccountLoginTest" time="3.068">
    <system-err><![CDATA[Dec 07, 2024 7:11:28 AM org.openqa.selenium.devtools.CdpVersionFinder findNearestMatch
WARNING: Unable to find an exact match for CDP version 131, returning the closest version; found: 128; Please update to a Selenium version that supports CDP version 131
]]></system-err>
  </testcase>
</testsuite>